Vivado Simulator 2020.2
Copyright 1986-1999, 2001-2020 Xilinx, Inc. All Rights Reserved.
Running: C:/Xilinx/Vivado/2020.2/bin/unwrapped/win64.o/xelab.exe -wto c236c6ef799043b6b162c0ca8a7e4e8c --incr --debug typical --relax --mt 2 -L xil_defaultlib -L secureip --snapshot test_locktop_async_behav xil_defaultlib.test_locktop_async -log elaborate.log 
Using 2 slave threads.
Starting static elaboration
Completed static elaboration
Starting simulation data flow analysis
Completed simulation data flow analysis
Time Resolution for simulation is 1ps
Compiling package std.standard
Compiling package std.textio
Compiling package ieee.std_logic_1164
Compiling package ieee.std_logic_arith
Compiling package ieee.std_logic_unsigned
Compiling architecture behavioral of entity xil_defaultlib.flip_flop_reg [flip_flop_reg_default]
Compiling architecture behavioral of entity xil_defaultlib.lock [lock_default]
Compiling architecture behavioral of entity xil_defaultlib.sev_seg [sev_seg_default]
Compiling architecture behavioral of entity xil_defaultlib.locktop_async [locktop_async_default]
Compiling architecture behavioral of entity xil_defaultlib.test_locktop_async
Built simulation snapshot test_locktop_async_behav
