Vivado Simulator 2020.2
Copyright 1986-1999, 2001-2020 Xilinx, Inc. All Rights Reserved.
Running: C:/Xilinx/Vivado/2020.2/bin/unwrapped/win64.o/xelab.exe -wto dc71ed3e2d7a450b9484ba6a894cf748 --incr --debug typical --relax --mt 2 -L xil_defaultlib -L secureip --snapshot test_and2or_behav xil_defaultlib.test_and2or -log elaborate.log 
Using 2 slave threads.
Starting static elaboration
Completed static elaboration
Starting simulation data flow analysis
Completed simulation data flow analysis
Time Resolution for simulation is 1ps
Compiling package std.standard
Compiling package std.textio
Compiling package ieee.std_logic_1164
Compiling package ieee.std_logic_arith
Compiling package ieee.std_logic_unsigned
Compiling package ieee.numeric_std
Compiling architecture behavioral of entity xil_defaultlib.and2gate [and2gate_default]
Compiling architecture behavioral of entity xil_defaultlib.or2gate [or2gate_default]
Compiling architecture mixed of entity xil_defaultlib.and2or [and2or_default]
Compiling architecture behavioral of entity xil_defaultlib.test_and2or
Built simulation snapshot test_and2or_behav
