#-----------------------------------------------------------
# Vivado v2020.2 (64-bit)
# SW Build 3064766 on Wed Nov 18 09:12:45 MST 2020
# IP Build 3064653 on Wed Nov 18 14:17:31 MST 2020
# Start of session at: Wed Oct  6 14:03:03 2021
# Process ID: 14864
# Current directory: C:/Users/gabri/OneDrive/Desktop/Semester 2 2021/CSSE4010/prac4
# Command line: vivado.exe -gui_launcher_event rodinguilauncherevent17432 C:\Users\gabri\OneDrive\Desktop\Semester 2 2021\CSSE4010\prac4\prac4.xpr
# Log file: C:/Users/gabri/OneDrive/Desktop/Semester 2 2021/CSSE4010/prac4/vivado.log
# Journal file: C:/Users/gabri/OneDrive/Desktop/Semester 2 2021/CSSE4010/prac4\vivado.jou
#-----------------------------------------------------------
start_gui
open_project {C:/Users/gabri/OneDrive/Desktop/Semester 2 2021/CSSE4010/prac4/prac4.xpr}
WARNING: [filemgmt 56-3] Default IP Output Path : Could not find the directory 'C:/Users/gabri/OneDrive/Desktop/Semester 2 2021/CSSE4010/prac4/prac4.gen/sources_1'.
Scanning sources...
Finished scanning sources
INFO: [IP_Flow 19-234] Refreshing IP repositories
INFO: [IP_Flow 19-1704] No user IP repositories specified
INFO: [IP_Flow 19-2313] Loaded Vivado IP repository 'C:/Xilinx/Vivado/2020.2/data/ip'.
open_project: Time (s): cpu = 00:00:26 ; elapsed = 00:00:10 . Memory (MB): peak = 1000.984 ; gain = 0.000
update_compile_order -fileset sources_1
launch_simulation
Command: launch_simulation 
INFO: [Vivado 12-5682] Launching behavioral simulation in 'C:/Users/gabri/OneDrive/Desktop/Semester 2 2021/CSSE4010/prac4/prac4.sim/sim_1/behav/xsim'
INFO: [SIM-utils-51] Simulation object is 'sim_1'
INFO: [SIM-utils-54] Inspecting design source files for 'Method2_Test' in fileset 'sim_1'...
INFO: [USF-XSim-97] Finding global include files...
INFO: [USF-XSim-98] Fetching design files from 'sim_1'...
INFO: [USF-XSim-2] XSim::Compile design
INFO: [USF-XSim-61] Executing 'COMPILE and ANALYZE' step in 'C:/Users/gabri/OneDrive/Desktop/Semester 2 2021/CSSE4010/prac4/prac4.sim/sim_1/behav/xsim'
"xvhdl --incr --relax -prj Method2_Test_vhdl.prj"
INFO: [VRFC 10-163] Analyzing VHDL file "C:/Users/gabri/OneDrive/Desktop/Semester 2 2021/CSSE4010/prac4/prac4.srcs/sim_1/new/Method2_Test.vhd" into library xil_defaultlib
INFO: [VRFC 10-3107] analyzing entity 'Method2_Test'
INFO: [USF-XSim-69] 'compile' step finished in '5' seconds
INFO: [USF-XSim-3] XSim::Elaborate design
INFO: [USF-XSim-61] Executing 'ELABORATE' step in 'C:/Users/gabri/OneDrive/Desktop/Semester 2 2021/CSSE4010/prac4/prac4.sim/sim_1/behav/xsim'
"xelab -wto e7c5aa1d51f747f18d1e808f1e95a78c --incr --debug typical --relax --mt 2 -L xil_defaultlib -L secureip --snapshot Method2_Test_behav xil_defaultlib.Method2_Test -log elaborate.log"
Vivado Simulator 2020.2
Copyright 1986-1999, 2001-2020 Xilinx, Inc. All Rights Reserved.
Running: C:/Xilinx/Vivado/2020.2/bin/unwrapped/win64.o/xelab.exe -wto e7c5aa1d51f747f18d1e808f1e95a78c --incr --debug typical --relax --mt 2 -L xil_defaultlib -L secureip --snapshot Method2_Test_behav xil_defaultlib.Method2_Test -log elaborate.log 
Using 2 slave threads.
Starting static elaboration
Completed static elaboration
Starting simulation data flow analysis
Completed simulation data flow analysis
Time Resolution for simulation is 1ps
Compiling package std.standard
Compiling package std.textio
Compiling package ieee.std_logic_1164
Compiling architecture behavioral of entity xil_defaultlib.FSM1 [fsm1_default]
Compiling architecture behavioral of entity xil_defaultlib.FSM2 [fsm2_default]
Compiling architecture behavioral of entity xil_defaultlib.Method2 [method2_default]
Compiling architecture behavioral of entity xil_defaultlib.method2_test
Built simulation snapshot Method2_Test_behav

****** Webtalk v2020.2 (64-bit)
  **** SW Build 3064766 on Wed Nov 18 09:12:45 MST 2020
  **** IP Build 3064653 on Wed Nov 18 14:17:31 MST 2020
    ** Copyright 1986-2020 Xilinx, Inc. All Rights Reserved.

source C:/Users/gabri/OneDrive/Desktop/Semester -notrace
couldn't read file "C:/Users/gabri/OneDrive/Desktop/Semester": permission denied
INFO: [Common 17-206] Exiting Webtalk at Wed Oct  6 14:31:15 2021...
run_program: Time (s): cpu = 00:00:02 ; elapsed = 00:00:11 . Memory (MB): peak = 1000.984 ; gain = 0.000
INFO: [USF-XSim-69] 'elaborate' step finished in '10' seconds
INFO: [USF-XSim-4] XSim::Simulate design
INFO: [USF-XSim-61] Executing 'SIMULATE' step in 'C:/Users/gabri/OneDrive/Desktop/Semester 2 2021/CSSE4010/prac4/prac4.sim/sim_1/behav/xsim'
INFO: [USF-XSim-98] *** Running xsim
   with args "Method2_Test_behav -key {Behavioral:sim_1:Functional:Method2_Test} -tclbatch {Method2_Test.tcl} -log {simulate.log}"
INFO: [USF-XSim-8] Loading simulator feature
Vivado Simulator 2020.2
Time resolution is 1 ps
source Method2_Test.tcl
# set curr_wave [current_wave_config]
# if { [string length $curr_wave] == 0 } {
#   if { [llength [get_objects]] > 0} {
#     add_wave /
#     set_property needs_save false [current_wave_config]
#   } else {
#      send_msg_id Add_Wave-1 WARNING "No top level signals found. Simulator will start without a wave window. If you want to open a wave window go to 'File->New Waveform Configuration' or type 'create_wave_config' in the TCL console."
#   }
# }
# run 1000ns
xsim: Time (s): cpu = 00:00:13 ; elapsed = 00:00:06 . Memory (MB): peak = 1000.984 ; gain = 0.000
INFO: [USF-XSim-96] XSim completed. Design snapshot 'Method2_Test_behav' loaded.
INFO: [USF-XSim-97] XSim simulation ran for 1000ns
launch_simulation: Time (s): cpu = 00:00:19 ; elapsed = 00:00:23 . Memory (MB): peak = 1000.984 ; gain = 0.000
restart
INFO: [Simtcl 6-17] Simulation restarted
run 150 ps
close_sim
INFO: [Simtcl 6-16] Simulation closed
close_sim: Time (s): cpu = 00:00:05 ; elapsed = 00:00:07 . Memory (MB): peak = 1000.984 ; gain = 0.000
launch_simulation
Command: launch_simulation 
INFO: [Vivado 12-5682] Launching behavioral simulation in 'C:/Users/gabri/OneDrive/Desktop/Semester 2 2021/CSSE4010/prac4/prac4.sim/sim_1/behav/xsim'
INFO: [SIM-utils-51] Simulation object is 'sim_1'
INFO: [SIM-utils-54] Inspecting design source files for 'Method2_Test' in fileset 'sim_1'...
INFO: [USF-XSim-97] Finding global include files...
INFO: [USF-XSim-98] Fetching design files from 'sim_1'...
INFO: [USF-XSim-2] XSim::Compile design
INFO: [USF-XSim-61] Executing 'COMPILE and ANALYZE' step in 'C:/Users/gabri/OneDrive/Desktop/Semester 2 2021/CSSE4010/prac4/prac4.sim/sim_1/behav/xsim'
"xvhdl --incr --relax -prj Method2_Test_vhdl.prj"
INFO: [VRFC 10-163] Analyzing VHDL file "C:/Users/gabri/OneDrive/Desktop/Semester 2 2021/CSSE4010/prac4/prac4.srcs/sim_1/new/Method2_Test.vhd" into library xil_defaultlib
INFO: [VRFC 10-3107] analyzing entity 'Method2_Test'
INFO: [USF-XSim-69] 'compile' step finished in '3' seconds
INFO: [USF-XSim-3] XSim::Elaborate design
INFO: [USF-XSim-61] Executing 'ELABORATE' step in 'C:/Users/gabri/OneDrive/Desktop/Semester 2 2021/CSSE4010/prac4/prac4.sim/sim_1/behav/xsim'
"xelab -wto e7c5aa1d51f747f18d1e808f1e95a78c --incr --debug typical --relax --mt 2 -L xil_defaultlib -L secureip --snapshot Method2_Test_behav xil_defaultlib.Method2_Test -log elaborate.log"
Vivado Simulator 2020.2
Copyright 1986-1999, 2001-2020 Xilinx, Inc. All Rights Reserved.
Running: C:/Xilinx/Vivado/2020.2/bin/unwrapped/win64.o/xelab.exe -wto e7c5aa1d51f747f18d1e808f1e95a78c --incr --debug typical --relax --mt 2 -L xil_defaultlib -L secureip --snapshot Method2_Test_behav xil_defaultlib.Method2_Test -log elaborate.log 
Using 2 slave threads.
Starting static elaboration
Completed static elaboration
Starting simulation data flow analysis
Completed simulation data flow analysis
Time Resolution for simulation is 1ps
Compiling package std.standard
Compiling package std.textio
Compiling package ieee.std_logic_1164
Compiling architecture behavioral of entity xil_defaultlib.FSM1 [fsm1_default]
Compiling architecture behavioral of entity xil_defaultlib.FSM2 [fsm2_default]
Compiling architecture behavioral of entity xil_defaultlib.Method2 [method2_default]
Compiling architecture behavioral of entity xil_defaultlib.method2_test
Built simulation snapshot Method2_Test_behav
INFO: [USF-XSim-69] 'elaborate' step finished in '4' seconds
INFO: [USF-XSim-4] XSim::Simulate design
INFO: [USF-XSim-61] Executing 'SIMULATE' step in 'C:/Users/gabri/OneDrive/Desktop/Semester 2 2021/CSSE4010/prac4/prac4.sim/sim_1/behav/xsim'
INFO: [USF-XSim-98] *** Running xsim
   with args "Method2_Test_behav -key {Behavioral:sim_1:Functional:Method2_Test} -tclbatch {Method2_Test.tcl} -log {simulate.log}"
INFO: [USF-XSim-8] Loading simulator feature
Vivado Simulator 2020.2
Time resolution is 1 ps
source Method2_Test.tcl
# set curr_wave [current_wave_config]
# if { [string length $curr_wave] == 0 } {
#   if { [llength [get_objects]] > 0} {
#     add_wave /
#     set_property needs_save false [current_wave_config]
#   } else {
#      send_msg_id Add_Wave-1 WARNING "No top level signals found. Simulator will start without a wave window. If you want to open a wave window go to 'File->New Waveform Configuration' or type 'create_wave_config' in the TCL console."
#   }
# }
# run 1000ns
xsim: Time (s): cpu = 00:00:08 ; elapsed = 00:00:05 . Memory (MB): peak = 1000.984 ; gain = 0.000
INFO: [USF-XSim-96] XSim completed. Design snapshot 'Method2_Test_behav' loaded.
INFO: [USF-XSim-97] XSim simulation ran for 1000ns
launch_simulation: Time (s): cpu = 00:00:10 ; elapsed = 00:00:12 . Memory (MB): peak = 1000.984 ; gain = 0.000
restart
INFO: [Simtcl 6-17] Simulation restarted
run all
run: Time (s): cpu = 00:00:13 ; elapsed = 00:00:10 . Memory (MB): peak = 1000.984 ; gain = 0.000
restart
INFO: [Simtcl 6-17] Simulation restarted
run 150 ps
run 150 ps
close_sim
INFO: [Simtcl 6-16] Simulation closed
launch_simulation
Command: launch_simulation 
INFO: [Vivado 12-5682] Launching behavioral simulation in 'C:/Users/gabri/OneDrive/Desktop/Semester 2 2021/CSSE4010/prac4/prac4.sim/sim_1/behav/xsim'
INFO: [SIM-utils-51] Simulation object is 'sim_1'
INFO: [SIM-utils-54] Inspecting design source files for 'Method2_Test' in fileset 'sim_1'...
INFO: [USF-XSim-97] Finding global include files...
INFO: [USF-XSim-98] Fetching design files from 'sim_1'...
INFO: [USF-XSim-2] XSim::Compile design
INFO: [USF-XSim-61] Executing 'COMPILE and ANALYZE' step in 'C:/Users/gabri/OneDrive/Desktop/Semester 2 2021/CSSE4010/prac4/prac4.sim/sim_1/behav/xsim'
"xvhdl --incr --relax -prj Method2_Test_vhdl.prj"
INFO: [VRFC 10-163] Analyzing VHDL file "C:/Users/gabri/OneDrive/Desktop/Semester 2 2021/CSSE4010/prac4/prac4.srcs/sim_1/new/Method2_Test.vhd" into library xil_defaultlib
INFO: [VRFC 10-3107] analyzing entity 'Method2_Test'
INFO: [USF-XSim-69] 'compile' step finished in '3' seconds
INFO: [USF-XSim-3] XSim::Elaborate design
INFO: [USF-XSim-61] Executing 'ELABORATE' step in 'C:/Users/gabri/OneDrive/Desktop/Semester 2 2021/CSSE4010/prac4/prac4.sim/sim_1/behav/xsim'
"xelab -wto e7c5aa1d51f747f18d1e808f1e95a78c --incr --debug typical --relax --mt 2 -L xil_defaultlib -L secureip --snapshot Method2_Test_behav xil_defaultlib.Method2_Test -log elaborate.log"
Vivado Simulator 2020.2
Copyright 1986-1999, 2001-2020 Xilinx, Inc. All Rights Reserved.
Running: C:/Xilinx/Vivado/2020.2/bin/unwrapped/win64.o/xelab.exe -wto e7c5aa1d51f747f18d1e808f1e95a78c --incr --debug typical --relax --mt 2 -L xil_defaultlib -L secureip --snapshot Method2_Test_behav xil_defaultlib.Method2_Test -log elaborate.log 
Using 2 slave threads.
Starting static elaboration
Completed static elaboration
Starting simulation data flow analysis
Completed simulation data flow analysis
Time Resolution for simulation is 1ps
Compiling package std.standard
Compiling package std.textio
Compiling package ieee.std_logic_1164
Compiling architecture behavioral of entity xil_defaultlib.FSM1 [fsm1_default]
Compiling architecture behavioral of entity xil_defaultlib.FSM2 [fsm2_default]
Compiling architecture behavioral of entity xil_defaultlib.Method2 [method2_default]
Compiling architecture behavioral of entity xil_defaultlib.method2_test
Built simulation snapshot Method2_Test_behav
INFO: [USF-XSim-69] 'elaborate' step finished in '4' seconds
INFO: [USF-XSim-4] XSim::Simulate design
INFO: [USF-XSim-61] Executing 'SIMULATE' step in 'C:/Users/gabri/OneDrive/Desktop/Semester 2 2021/CSSE4010/prac4/prac4.sim/sim_1/behav/xsim'
INFO: [USF-XSim-98] *** Running xsim
   with args "Method2_Test_behav -key {Behavioral:sim_1:Functional:Method2_Test} -tclbatch {Method2_Test.tcl} -log {simulate.log}"
INFO: [USF-XSim-8] Loading simulator feature
Vivado Simulator 2020.2
Time resolution is 1 ps
source Method2_Test.tcl
# set curr_wave [current_wave_config]
# if { [string length $curr_wave] == 0 } {
#   if { [llength [get_objects]] > 0} {
#     add_wave /
#     set_property needs_save false [current_wave_config]
#   } else {
#      send_msg_id Add_Wave-1 WARNING "No top level signals found. Simulator will start without a wave window. If you want to open a wave window go to 'File->New Waveform Configuration' or type 'create_wave_config' in the TCL console."
#   }
# }
# run 1000ns
xsim: Time (s): cpu = 00:00:08 ; elapsed = 00:00:05 . Memory (MB): peak = 1000.984 ; gain = 0.000
INFO: [USF-XSim-96] XSim completed. Design snapshot 'Method2_Test_behav' loaded.
INFO: [USF-XSim-97] XSim simulation ran for 1000ns
launch_simulation: Time (s): cpu = 00:00:09 ; elapsed = 00:00:13 . Memory (MB): peak = 1000.984 ; gain = 0.000
restart
INFO: [Simtcl 6-17] Simulation restarted
run 150 ps
synth_design -rtl -rtl_skip_mlo -name rtl_1
Command: synth_design -rtl -rtl_skip_mlo -name rtl_1
Starting synth_design
Using part: xc7a100tcsg324-3
Top: Method2
INFO: [Device 21-403] Loading part xc7a100tcsg324-3
---------------------------------------------------------------------------------
Starting RTL Elaboration : Time (s): cpu = 00:00:07 ; elapsed = 00:00:08 . Memory (MB): peak = 1306.367 ; gain = 254.051
---------------------------------------------------------------------------------
INFO: [Synth 8-638] synthesizing module 'Method2' [C:/Users/gabri/OneDrive/Desktop/Semester 2 2021/CSSE4010/prac4/prac4.srcs/sources_1/new/Method2.vhd:41]
INFO: [Synth 8-3491] module 'FSM1' declared at 'C:/Users/gabri/OneDrive/Desktop/Semester 2 2021/CSSE4010/prac4/prac4.srcs/sources_1/new/FSM1.vhd:34' bound to instance 'F1' of component 'FSM1' [C:/Users/gabri/OneDrive/Desktop/Semester 2 2021/CSSE4010/prac4/prac4.srcs/sources_1/new/Method2.vhd:58]
INFO: [Synth 8-638] synthesizing module 'FSM1' [C:/Users/gabri/OneDrive/Desktop/Semester 2 2021/CSSE4010/prac4/prac4.srcs/sources_1/new/FSM1.vhd:41]
INFO: [Synth 8-256] done synthesizing module 'FSM1' (1#1) [C:/Users/gabri/OneDrive/Desktop/Semester 2 2021/CSSE4010/prac4/prac4.srcs/sources_1/new/FSM1.vhd:41]
INFO: [Synth 8-3491] module 'FSM2' declared at 'C:/Users/gabri/OneDrive/Desktop/Semester 2 2021/CSSE4010/prac4/prac4.srcs/sources_1/new/FSM2.vhd:34' bound to instance 'F2' of component 'FSM2' [C:/Users/gabri/OneDrive/Desktop/Semester 2 2021/CSSE4010/prac4/prac4.srcs/sources_1/new/Method2.vhd:65]
INFO: [Synth 8-638] synthesizing module 'FSM2' [C:/Users/gabri/OneDrive/Desktop/Semester 2 2021/CSSE4010/prac4/prac4.srcs/sources_1/new/FSM2.vhd:40]
INFO: [Synth 8-256] done synthesizing module 'FSM2' (2#1) [C:/Users/gabri/OneDrive/Desktop/Semester 2 2021/CSSE4010/prac4/prac4.srcs/sources_1/new/FSM2.vhd:40]
INFO: [Synth 8-256] done synthesizing module 'Method2' (3#1) [C:/Users/gabri/OneDrive/Desktop/Semester 2 2021/CSSE4010/prac4/prac4.srcs/sources_1/new/Method2.vhd:41]
---------------------------------------------------------------------------------
Finished RTL Elaboration : Time (s): cpu = 00:00:09 ; elapsed = 00:00:11 . Memory (MB): peak = 1356.250 ; gain = 303.934
---------------------------------------------------------------------------------
---------------------------------------------------------------------------------
Start Handling Custom Attributes
---------------------------------------------------------------------------------
---------------------------------------------------------------------------------
Finished Handling Custom Attributes : Time (s): cpu = 00:00:10 ; elapsed = 00:00:12 . Memory (MB): peak = 1356.250 ; gain = 303.934
---------------------------------------------------------------------------------
---------------------------------------------------------------------------------
Finished RTL Optimization Phase 1 : Time (s): cpu = 00:00:10 ; elapsed = 00:00:12 . Memory (MB): peak = 1356.250 ; gain = 303.934
---------------------------------------------------------------------------------
Netlist sorting complete. Time (s): cpu = 00:00:00 ; elapsed = 00:00:00.001 . Memory (MB): peak = 1356.250 ; gain = 0.000
INFO: [Project 1-570] Preparing netlist for logic optimization

Processing XDC Constraints
Initializing timing engine
Completed Processing XDC Constraints

Netlist sorting complete. Time (s): cpu = 00:00:00 ; elapsed = 00:00:00 . Memory (MB): peak = 1434.332 ; gain = 0.000
INFO: [Project 1-111] Unisim Transformation Summary:
No Unisim elements were transformed.

RTL Elaboration Complete:  : Time (s): cpu = 00:00:28 ; elapsed = 00:00:20 . Memory (MB): peak = 1574.137 ; gain = 521.820
11 Infos, 0 Warnings, 0 Critical Warnings and 0 Errors encountered.
synth_design completed successfully
synth_design: Time (s): cpu = 00:00:41 ; elapsed = 00:00:51 . Memory (MB): peak = 1574.137 ; gain = 573.152
reset_run synth_1
WARNING: [Vivado 12-1017] Problems encountered:
1. Failed to delete one or more files in run directory C:/Users/gabri/OneDrive/Desktop/Semester 2 2021/CSSE4010/prac4/prac4.runs/synth_1

launch_runs synth_1 -jobs 4
[Wed Oct  6 14:39:54 2021] Launched synth_1...
Run output will be captured here: C:/Users/gabri/OneDrive/Desktop/Semester 2 2021/CSSE4010/prac4/prac4.runs/synth_1/runme.log
close_design
open_run synth_1 -name synth_1
Design is defaulting to impl run constrset: constrs_1
Design is defaulting to synth run part: xc7a100tcsg324-3
Netlist sorting complete. Time (s): cpu = 00:00:00 ; elapsed = 00:00:00 . Memory (MB): peak = 1578.621 ; gain = 0.000
INFO: [Project 1-479] Netlist was created with Vivado 2020.2
INFO: [Project 1-570] Preparing netlist for logic optimization
INFO: [Opt 31-138] Pushed 0 inverter(s) to 0 load pin(s).
Netlist sorting complete. Time (s): cpu = 00:00:00 ; elapsed = 00:00:00 . Memory (MB): peak = 1578.621 ; gain = 0.000
INFO: [Project 1-111] Unisim Transformation Summary:
No Unisim elements were transformed.

open_run: Time (s): cpu = 00:00:14 ; elapsed = 00:00:06 . Memory (MB): peak = 1578.621 ; gain = 0.000
close_sim
INFO: [Simtcl 6-16] Simulation closed
exit
INFO: [Common 17-206] Exiting Vivado at Wed Oct  6 14:43:08 2021...
